\BOOKMARK [0][-]{section*.1}{\376\377\144\130\000\040\211\201}{}% 1
\BOOKMARK [0][-]{section*.2}{\376\377\000A\000B\000S\000T\000R\000A\000C\000T}{}% 2
\BOOKMARK [0][-]{chapter.1}{\376\377\176\352\213\272}{}% 3
\BOOKMARK [1][-]{section.1.1}{\376\377\116\055\202\361\145\207\150\007\230\230\131\202\117\125\201\352\122\250\165\037\142\020\122\060\166\356\137\125\137\123\116\055}{chapter.1}% 4
\BOOKMARK [0][-]{chapter.2}{\376\377\153\143\145\207\177\026\121\231}{}% 5
\BOOKMARK [1][-]{section.2.1}{\376\377\143\322\121\145\126\376\162\107}{chapter.2}% 6
\BOOKMARK [1][-]{section.2.2}{\376\377\143\322\121\145\172\340\202\202}{chapter.2}% 7
\BOOKMARK [2][-]{subsection.2.2.1}{\376\377\116\214\176\247\172\340\202\202}{section.2.2}% 8
\BOOKMARK [1][-]{section.2.3}{\376\377\143\322\121\145\210\150\150\074}{chapter.2}% 9
\BOOKMARK [1][-]{section.2.4}{\376\377\143\322\121\145\121\154\137\017}{chapter.2}% 10
\BOOKMARK [1][-]{section.2.5}{\376\377\143\322\121\145\122\027\210\150}{chapter.2}% 11
\BOOKMARK [1][-]{section.2.6}{\376\377\126\376\162\107\210\150\150\074\155\367\124\010\143\322\121\145}{chapter.2}% 12
\BOOKMARK [1][-]{section.2.7}{\376\377\143\322\121\145\137\025\165\050}{chapter.2}% 13
\BOOKMARK [0][-]{chapter.3}{\376\377\140\073\176\323\116\016\134\125\147\033}{}% 14
\BOOKMARK [1][-]{section.3.1}{\376\377\140\073\176\323}{chapter.3}% 15
\BOOKMARK [1][-]{section.3.2}{\376\377\134\125\147\033}{chapter.3}% 16
\BOOKMARK [0][-]{chapter*.10}{\376\377\123\302\200\003\145\207\163\056}{}% 17
\BOOKMARK [0][-]{chapter*.12}{\376\377\201\364\000\040\214\042}{}% 18
\BOOKMARK [0][-]{chapter*.14}{\376\377\170\125\130\353\147\037\225\364\123\321\210\150\166\204\213\272\145\207}{}% 19
\BOOKMARK [0][-]{chapter*.14}{\376\377\170\125\130\353\147\037\225\364\123\302\122\240\166\204\171\321\170\024\135\345\117\134}{}% 20
\BOOKMARK [0][-]{chapter*.14}{\376\377\170\125\130\353\147\037\225\364\203\267\137\227\166\204\131\126\122\261}{}% 21
\BOOKMARK [0][-]{appendix.A}{\376\377\226\104\137\125}{}% 22
